<?xml version="1.0" encoding="UTF-8"?>
<testsuite name="同步调用测试" tests="6" skipped="0" failures="0" errors="0" timestamp="2025-10-12T14:56:00.556Z" hostname="COMPUTER" time="0.57">
  <properties/>
  <testcase name="同步删除用户 - 成功" classname="com.example.webclient.client.UserProfileClientTest" time="0.267"/>
  <testcase name="同步更新用户 - 成功" classname="com.example.webclient.client.UserProfileClientTest" time="0.075"/>
  <testcase name="同步获取用户信息 - 成功" classname="com.example.webclient.client.UserProfileClientTest" time="0.037"/>
  <testcase name="批量操作测试" classname="com.example.webclient.client.UserProfileClientTest" time="0.13"/>
  <testcase name="同步创建用户 - 成功" classname="com.example.webclient.client.UserProfileClientTest" time="0.025"/>
  <testcase name="同步获取用户信息 - 用户不存在" classname="com.example.webclient.client.UserProfileClientTest" time="0.022"/>
  <system-out><![CDATA[2025-10-12 22:56:00.565 [Test worker] INFO  c.e.w.client.UserProfileClient - Creating user synchronously: tobedeleted
2025-10-12 22:56:00.581 [webflux-http-nio-8] INFO  c.e.w.controller.UserMockController - Creating user: tobedeleted
2025-10-12 22:56:00.587 [reactor-http-nio-8] INFO  c.e.w.f.LoggingExchangeFilterFunction - WebClient: POST http://localhost:8080/api/users - 200 OK - 18ms
2025-10-12 22:56:00.592 [Test worker] INFO  c.e.w.client.UserProfileClient - Successfully created user with id: 6
2025-10-12 22:56:00.723 [Test worker] INFO  c.e.w.client.UserProfileClient - Deleting user synchronously: 6
2025-10-12 22:56:00.731 [webflux-http-nio-1] INFO  c.e.w.controller.UserMockController - Deleting user: 6
2025-10-12 22:56:00.737 [reactor-http-nio-1] INFO  c.e.w.f.LoggingExchangeFilterFunction - WebClient: DELETE http://localhost:8080/api/users/6 - 200 OK - 11ms
2025-10-12 22:56:00.744 [Test worker] INFO  c.e.w.client.UserProfileClient - Successfully deleted user: 6
2025-10-12 22:56:00.788 [Test worker] INFO  c.e.w.client.UserProfileClient - Fetching user profile synchronously for userId: 6
2025-10-12 22:56:00.796 [webflux-http-nio-3] INFO  c.e.w.controller.UserMockController - Getting user: 6
2025-10-12 22:56:00.799 [reactor-http-nio-2] INFO  c.e.w.f.LoggingExchangeFilterFunction - WebClient: GET http://localhost:8080/api/users/6 - 200 OK - 7ms
2025-10-12 22:56:00.803 [Test worker] ERROR c.e.w.client.UserProfileClient - Error fetching user profile for userId: 6
com.example.webclient.exception.WebClientException: User not found for userId: 6
	at com.example.webclient.client.UserProfileClient.getProfileSync(UserProfileClient.java:77)
	at com.example.webclient.client.UserProfileClientTest.lambda$testDeleteUserSync_Success$2(UserProfileClientTest.java:116)
	at org.assertj.core.api.ThrowableAssert.catchThrowable(ThrowableAssert.java:63)
	at org.assertj.core.api.AssertionsForClassTypes.catchThrowable(AssertionsForClassTypes.java:904)
	at org.assertj.core.api.Assertions.catchThrowable(Assertions.java:1470)
	at org.assertj.core.api.Assertions.assertThatThrownBy(Assertions.java:1313)
	at com.example.webclient.client.UserProfileClientTest.testDeleteUserSync_Success(UserProfileClientTest.java:116)
	at java.base/jdk.internal.reflect.NativeMethodAccessorImpl.invoke0(Native Method)
	at java.base/jdk.internal.reflect.NativeMethodAccessorImpl.invoke(NativeMethodAccessorImpl.java:77)
	at java.base/jdk.internal.reflect.DelegatingMethodAccessorImpl.invoke(DelegatingMethodAccessorImpl.java:43)
	at java.base/java.lang.reflect.Method.invoke(Method.java:568)
	at org.junit.platform.commons.util.ReflectionUtils.invokeMethod(ReflectionUtils.java:767)
	at org.junit.jupiter.engine.execution.MethodInvocation.proceed(MethodInvocation.java:60)
	at org.junit.jupiter.engine.execution.InvocationInterceptorChain$ValidatingInvocation.proceed(InvocationInterceptorChain.java:131)
	at org.junit.jupiter.engine.extension.SameThreadTimeoutInvocation.proceed(SameThreadTimeoutInvocation.java:45)
	at org.junit.jupiter.engine.extension.TimeoutExtension.intercept(TimeoutExtension.java:156)
	at org.junit.jupiter.engine.extension.TimeoutExtension.interceptTestableMethod(TimeoutExtension.java:147)
	at org.junit.jupiter.engine.extension.TimeoutExtension.interceptTestMethod(TimeoutExtension.java:86)
	at org.junit.jupiter.engine.execution.InterceptingExecutableInvoker$ReflectiveInterceptorCall.lambda$ofVoidMethod$0(InterceptingExecutableInvoker.java:103)
	at org.junit.jupiter.engine.execution.InterceptingExecutableInvoker.lambda$invoke$0(InterceptingExecutableInvoker.java:93)
	at org.junit.jupiter.engine.execution.InvocationInterceptorChain$InterceptedInvocation.proceed(InvocationInterceptorChain.java:106)
	at org.junit.jupiter.engine.execution.InvocationInterceptorChain.proceed(InvocationInterceptorChain.java:64)
	at org.junit.jupiter.engine.execution.InvocationInterceptorChain.chainAndInvoke(InvocationInterceptorChain.java:45)
	at org.junit.jupiter.engine.execution.InvocationInterceptorChain.invoke(InvocationInterceptorChain.java:37)
	at org.junit.jupiter.engine.execution.InterceptingExecutableInvoker.invoke(InterceptingExecutableInvoker.java:92)
	at org.junit.jupiter.engine.execution.InterceptingExecutableInvoker.invoke(InterceptingExecutableInvoker.java:86)
	at org.junit.jupiter.engine.descriptor.TestMethodTestDescriptor.lambda$invokeTestMethod$8(TestMethodTestDescriptor.java:217)
	at org.junit.platform.engine.support.hierarchical.ThrowableCollector.execute(ThrowableCollector.java:73)
	at org.junit.jupiter.engine.descriptor.TestMethodTestDescriptor.invokeTestMethod(TestMethodTestDescriptor.java:213)
	at org.junit.jupiter.engine.descriptor.TestMethodTestDescriptor.execute(TestMethodTestDescriptor.java:138)
	at org.junit.jupiter.engine.descriptor.TestMethodTestDescriptor.execute(TestMethodTestDescriptor.java:68)
	at org.junit.platform.engine.support.hierarchical.NodeTestTask.lambda$executeRecursively$6(NodeTestTask.java:156)
	at org.junit.platform.engine.support.hierarchical.ThrowableCollector.execute(ThrowableCollector.java:73)
	at org.junit.platform.engine.support.hierarchical.NodeTestTask.lambda$executeRecursively$8(NodeTestTask.java:146)
	at org.junit.platform.engine.support.hierarchical.Node.around(Node.java:137)
	at org.junit.platform.engine.support.hierarchical.NodeTestTask.lambda$executeRecursively$9(NodeTestTask.java:144)
	at org.junit.platform.engine.support.hierarchical.ThrowableCollector.execute(ThrowableCollector.java:73)
	at org.junit.platform.engine.support.hierarchical.NodeTestTask.executeRecursively(NodeTestTask.java:143)
	at org.junit.platform.engine.support.hierarchical.NodeTestTask.execute(NodeTestTask.java:100)
	at java.base/java.util.ArrayList.forEach(ArrayList.java:1511)
	at org.junit.platform.engine.support.hierarchical.SameThreadHierarchicalTestExecutorService.invokeAll(SameThreadHierarchicalTestExecutorService.java:41)
	at org.junit.platform.engine.support.hierarchical.NodeTestTask.lambda$executeRecursively$6(NodeTestTask.java:160)
	at org.junit.platform.engine.support.hierarchical.ThrowableCollector.execute(ThrowableCollector.java:73)
	at org.junit.platform.engine.support.hierarchical.NodeTestTask.lambda$executeRecursively$8(NodeTestTask.java:146)
	at org.junit.platform.engine.support.hierarchical.Node.around(Node.java:137)
	at org.junit.platform.engine.support.hierarchical.NodeTestTask.lambda$executeRecursively$9(NodeTestTask.java:144)
	at org.junit.platform.engine.support.hierarchical.ThrowableCollector.execute(ThrowableCollector.java:73)
	at org.junit.platform.engine.support.hierarchical.NodeTestTask.executeRecursively(NodeTestTask.java:143)
	at org.junit.platform.engine.support.hierarchical.NodeTestTask.execute(NodeTestTask.java:100)
	at java.base/java.util.ArrayList.forEach(ArrayList.java:1511)
	at org.junit.platform.engine.support.hierarchical.SameThreadHierarchicalTestExecutorService.invokeAll(SameThreadHierarchicalTestExecutorService.java:41)
	at org.junit.platform.engine.support.hierarchical.NodeTestTask.lambda$executeRecursively$6(NodeTestTask.java:160)
	at org.junit.platform.engine.support.hierarchical.ThrowableCollector.execute(ThrowableCollector.java:73)
	at org.junit.platform.engine.support.hierarchical.NodeTestTask.lambda$executeRecursively$8(NodeTestTask.java:146)
	at org.junit.platform.engine.support.hierarchical.Node.around(Node.java:137)
	at org.junit.platform.engine.support.hierarchical.NodeTestTask.lambda$executeRecursively$9(NodeTestTask.java:144)
	at org.junit.platform.engine.support.hierarchical.ThrowableCollector.execute(ThrowableCollector.java:73)
	at org.junit.platform.engine.support.hierarchical.NodeTestTask.executeRecursively(NodeTestTask.java:143)
	at org.junit.platform.engine.support.hierarchical.NodeTestTask.execute(NodeTestTask.java:100)
	at org.junit.platform.engine.support.hierarchical.SameThreadHierarchicalTestExecutorService.submit(SameThreadHierarchicalTestExecutorService.java:35)
	at org.junit.platform.engine.support.hierarchical.HierarchicalTestExecutor.execute(HierarchicalTestExecutor.java:57)
	at org.junit.platform.engine.support.hierarchical.HierarchicalTestEngine.execute(HierarchicalTestEngine.java:54)
	at org.junit.platform.launcher.core.EngineExecutionOrchestrator.execute(EngineExecutionOrchestrator.java:107)
	at org.junit.platform.launcher.core.EngineExecutionOrchestrator.execute(EngineExecutionOrchestrator.java:88)
	at org.junit.platform.launcher.core.EngineExecutionOrchestrator.lambda$execute$0(EngineExecutionOrchestrator.java:54)
	at org.junit.platform.launcher.core.EngineExecutionOrchestrator.withInterceptedStreams(EngineExecutionOrchestrator.java:67)
	at org.junit.platform.launcher.core.EngineExecutionOrchestrator.execute(EngineExecutionOrchestrator.java:52)
	at org.junit.platform.launcher.core.DefaultLauncher.execute(DefaultLauncher.java:114)
	at org.junit.platform.launcher.core.DefaultLauncher.execute(DefaultLauncher.java:86)
	at org.junit.platform.launcher.core.DefaultLauncherSession$DelegatingLauncher.execute(DefaultLauncherSession.java:86)
	at org.gradle.api.internal.tasks.testing.junitplatform.JUnitPlatformTestClassProcessor$CollectAllTestClassesExecutor.processAllTestClasses(JUnitPlatformTestClassProcessor.java:124)
	at org.gradle.api.internal.tasks.testing.junitplatform.JUnitPlatformTestClassProcessor$CollectAllTestClassesExecutor.access$000(JUnitPlatformTestClassProcessor.java:99)
	at org.gradle.api.internal.tasks.testing.junitplatform.JUnitPlatformTestClassProcessor.stop(JUnitPlatformTestClassProcessor.java:94)
	at org.gradle.api.internal.tasks.testing.SuiteTestClassProcessor.stop(SuiteTestClassProcessor.java:63)
	at java.base/jdk.internal.reflect.NativeMethodAccessorImpl.invoke0(Native Method)
	at java.base/jdk.internal.reflect.NativeMethodAccessorImpl.invoke(NativeMethodAccessorImpl.java:77)
	at java.base/jdk.internal.reflect.DelegatingMethodAccessorImpl.invoke(DelegatingMethodAccessorImpl.java:43)
	at java.base/java.lang.reflect.Method.invoke(Method.java:568)
	at org.gradle.internal.dispatch.ReflectionDispatch.dispatch(ReflectionDispatch.java:36)
	at org.gradle.internal.dispatch.ReflectionDispatch.dispatch(ReflectionDispatch.java:24)
	at org.gradle.internal.dispatch.ContextClassLoaderDispatch.dispatch(ContextClassLoaderDispatch.java:33)
	at org.gradle.internal.dispatch.ProxyDispatchAdapter$DispatchingInvocationHandler.invoke(ProxyDispatchAdapter.java:92)
	at jdk.proxy1/jdk.proxy1.$Proxy4.stop(Unknown Source)
	at org.gradle.api.internal.tasks.testing.worker.TestWorker$3.run(TestWorker.java:200)
	at org.gradle.api.internal.tasks.testing.worker.TestWorker.executeAndMaintainThreadName(TestWorker.java:132)
	at org.gradle.api.internal.tasks.testing.worker.TestWorker.execute(TestWorker.java:103)
	at org.gradle.api.internal.tasks.testing.worker.TestWorker.execute(TestWorker.java:63)
	at org.gradle.process.internal.worker.child.ActionExecutionWorker.execute(ActionExecutionWorker.java:56)
	at org.gradle.process.internal.worker.child.SystemApplicationClassLoaderWorker.call(SystemApplicationClassLoaderWorker.java:122)
	at org.gradle.process.internal.worker.child.SystemApplicationClassLoaderWorker.call(SystemApplicationClassLoaderWorker.java:72)
	at worker.org.gradle.process.internal.worker.GradleWorkerMain.run(GradleWorkerMain.java:69)
	at worker.org.gradle.process.internal.worker.GradleWorkerMain.main(GradleWorkerMain.java:74)
2025-10-12 22:56:00.833 [Test worker] INFO  c.e.w.client.UserProfileClient - Updating user synchronously: 1
2025-10-12 22:56:00.856 [webflux-http-nio-2] INFO  c.e.w.controller.UserMockController - Updating user: 1
2025-10-12 22:56:00.859 [reactor-http-nio-3] INFO  c.e.w.f.LoggingExchangeFilterFunction - WebClient: PUT http://localhost:8080/api/users/1 - 200 OK - 14ms
2025-10-12 22:56:00.861 [Test worker] INFO  c.e.w.client.UserProfileClient - Successfully updated user: 1
2025-10-12 22:56:00.913 [Test worker] INFO  c.e.w.client.UserProfileClient - Fetching user profile synchronously for userId: 1
2025-10-12 22:56:00.920 [webflux-http-nio-8] INFO  c.e.w.controller.UserMockController - Getting user: 1
2025-10-12 22:56:00.924 [reactor-http-nio-8] INFO  c.e.w.f.LoggingExchangeFilterFunction - WebClient: GET http://localhost:8080/api/users/1 - 200 OK - 9ms
2025-10-12 22:56:00.928 [Test worker] INFO  c.e.w.client.UserProfileClient - Successfully fetched user profile for userId: 1
2025-10-12 22:56:00.952 [Test worker] INFO  c.e.w.client.UserProfileClient - Creating user synchronously: batchuser0
2025-10-12 22:56:00.965 [webflux-http-nio-3] INFO  c.e.w.controller.UserMockController - Creating user: batchuser0
2025-10-12 22:56:00.972 [reactor-http-nio-2] INFO  c.e.w.f.LoggingExchangeFilterFunction - WebClient: POST http://localhost:8080/api/users - 200 OK - 18ms
2025-10-12 22:56:00.976 [Test worker] INFO  c.e.w.client.UserProfileClient - Successfully created user with id: 7
2025-10-12 22:56:00.977 [Test worker] INFO  c.e.w.client.UserProfileClient - Creating user synchronously: batchuser1
2025-10-12 22:56:01.000 [webflux-http-nio-2] INFO  c.e.w.controller.UserMockController - Creating user: batchuser1
2025-10-12 22:56:01.006 [reactor-http-nio-3] INFO  c.e.w.f.LoggingExchangeFilterFunction - WebClient: POST http://localhost:8080/api/users - 200 OK - 26ms
2025-10-12 22:56:01.013 [Test worker] INFO  c.e.w.client.UserProfileClient - Successfully created user with id: 8
2025-10-12 22:56:01.014 [Test worker] INFO  c.e.w.client.UserProfileClient - Creating user synchronously: batchuser2
2025-10-12 22:56:01.026 [webflux-http-nio-8] INFO  c.e.w.controller.UserMockController - Creating user: batchuser2
2025-10-12 22:56:01.030 [reactor-http-nio-8] INFO  c.e.w.f.LoggingExchangeFilterFunction - WebClient: POST http://localhost:8080/api/users - 200 OK - 15ms
2025-10-12 22:56:01.032 [Test worker] INFO  c.e.w.client.UserProfileClient - Successfully created user with id: 9
2025-10-12 22:56:01.032 [Test worker] INFO  c.e.w.client.UserProfileClient - Fetching user profile synchronously for userId: 1
2025-10-12 22:56:01.044 [webflux-http-nio-3] INFO  c.e.w.controller.UserMockController - Getting user: 1
2025-10-12 22:56:01.047 [reactor-http-nio-2] INFO  c.e.w.f.LoggingExchangeFilterFunction - WebClient: GET http://localhost:8080/api/users/1 - 200 OK - 10ms
2025-10-12 22:56:01.048 [Test worker] INFO  c.e.w.client.UserProfileClient - Successfully fetched user profile for userId: 1
2025-10-12 22:56:01.049 [Test worker] INFO  c.e.w.client.UserProfileClient - Fetching user profile synchronously for userId: 2
2025-10-12 22:56:01.055 [webflux-http-nio-2] INFO  c.e.w.controller.UserMockController - Getting user: 2
2025-10-12 22:56:01.058 [reactor-http-nio-3] INFO  c.e.w.f.LoggingExchangeFilterFunction - WebClient: GET http://localhost:8080/api/users/2 - 200 OK - 8ms
2025-10-12 22:56:01.060 [Test worker] INFO  c.e.w.client.UserProfileClient - Successfully fetched user profile for userId: 2
2025-10-12 22:56:01.060 [Test worker] INFO  c.e.w.client.UserProfileClient - Fetching user profile synchronously for userId: 3
2025-10-12 22:56:01.066 [webflux-http-nio-8] INFO  c.e.w.controller.UserMockController - Getting user: 3
2025-10-12 22:56:01.070 [reactor-http-nio-8] INFO  c.e.w.f.LoggingExchangeFilterFunction - WebClient: GET http://localhost:8080/api/users/3 - 200 OK - 8ms
2025-10-12 22:56:01.072 [Test worker] INFO  c.e.w.client.UserProfileClient - Successfully fetched user profile for userId: 3
2025-10-12 22:56:01.081 [Test worker] INFO  c.e.w.client.UserProfileClient - Creating user synchronously: testuser
2025-10-12 22:56:01.088 [webflux-http-nio-3] INFO  c.e.w.controller.UserMockController - Creating user: testuser
2025-10-12 22:56:01.094 [reactor-http-nio-2] INFO  c.e.w.f.LoggingExchangeFilterFunction - WebClient: POST http://localhost:8080/api/users - 200 OK - 12ms
2025-10-12 22:56:01.097 [Test worker] INFO  c.e.w.client.UserProfileClient - Successfully created user with id: 10
2025-10-12 22:56:01.108 [Test worker] INFO  c.e.w.client.UserProfileClient - Fetching user profile synchronously for userId: 999
2025-10-12 22:56:01.114 [webflux-http-nio-2] INFO  c.e.w.controller.UserMockController - Getting user: 999
2025-10-12 22:56:01.117 [reactor-http-nio-3] INFO  c.e.w.f.LoggingExchangeFilterFunction - WebClient: GET http://localhost:8080/api/users/999 - 200 OK - 7ms
2025-10-12 22:56:01.119 [Test worker] ERROR c.e.w.client.UserProfileClient - Error fetching user profile for userId: 999
com.example.webclient.exception.WebClientException: User not found for userId: 999
	at com.example.webclient.client.UserProfileClient.getProfileSync(UserProfileClient.java:77)
	at com.example.webclient.client.UserProfileClientTest.lambda$testGetProfileSync_NotFound$0(UserProfileClientTest.java:61)
	at org.assertj.core.api.ThrowableAssert.catchThrowable(ThrowableAssert.java:63)
	at org.assertj.core.api.AssertionsForClassTypes.catchThrowable(AssertionsForClassTypes.java:904)
	at org.assertj.core.api.Assertions.catchThrowable(Assertions.java:1470)
	at org.assertj.core.api.Assertions.assertThatThrownBy(Assertions.java:1313)
	at com.example.webclient.client.UserProfileClientTest.testGetProfileSync_NotFound(UserProfileClientTest.java:61)
	at java.base/jdk.internal.reflect.NativeMethodAccessorImpl.invoke0(Native Method)
	at java.base/jdk.internal.reflect.NativeMethodAccessorImpl.invoke(NativeMethodAccessorImpl.java:77)
	at java.base/jdk.internal.reflect.DelegatingMethodAccessorImpl.invoke(DelegatingMethodAccessorImpl.java:43)
	at java.base/java.lang.reflect.Method.invoke(Method.java:568)
	at org.junit.platform.commons.util.ReflectionUtils.invokeMethod(ReflectionUtils.java:767)
	at org.junit.jupiter.engine.execution.MethodInvocation.proceed(MethodInvocation.java:60)
	at org.junit.jupiter.engine.execution.InvocationInterceptorChain$ValidatingInvocation.proceed(InvocationInterceptorChain.java:131)
	at org.junit.jupiter.engine.extension.SameThreadTimeoutInvocation.proceed(SameThreadTimeoutInvocation.java:45)
	at org.junit.jupiter.engine.extension.TimeoutExtension.intercept(TimeoutExtension.java:156)
	at org.junit.jupiter.engine.extension.TimeoutExtension.interceptTestableMethod(TimeoutExtension.java:147)
	at org.junit.jupiter.engine.extension.TimeoutExtension.interceptTestMethod(TimeoutExtension.java:86)
	at org.junit.jupiter.engine.execution.InterceptingExecutableInvoker$ReflectiveInterceptorCall.lambda$ofVoidMethod$0(InterceptingExecutableInvoker.java:103)
	at org.junit.jupiter.engine.execution.InterceptingExecutableInvoker.lambda$invoke$0(InterceptingExecutableInvoker.java:93)
	at org.junit.jupiter.engine.execution.InvocationInterceptorChain$InterceptedInvocation.proceed(InvocationInterceptorChain.java:106)
	at org.junit.jupiter.engine.execution.InvocationInterceptorChain.proceed(InvocationInterceptorChain.java:64)
	at org.junit.jupiter.engine.execution.InvocationInterceptorChain.chainAndInvoke(InvocationInterceptorChain.java:45)
	at org.junit.jupiter.engine.execution.InvocationInterceptorChain.invoke(InvocationInterceptorChain.java:37)
	at org.junit.jupiter.engine.execution.InterceptingExecutableInvoker.invoke(InterceptingExecutableInvoker.java:92)
	at org.junit.jupiter.engine.execution.InterceptingExecutableInvoker.invoke(InterceptingExecutableInvoker.java:86)
	at org.junit.jupiter.engine.descriptor.TestMethodTestDescriptor.lambda$invokeTestMethod$8(TestMethodTestDescriptor.java:217)
	at org.junit.platform.engine.support.hierarchical.ThrowableCollector.execute(ThrowableCollector.java:73)
	at org.junit.jupiter.engine.descriptor.TestMethodTestDescriptor.invokeTestMethod(TestMethodTestDescriptor.java:213)
	at org.junit.jupiter.engine.descriptor.TestMethodTestDescriptor.execute(TestMethodTestDescriptor.java:138)
	at org.junit.jupiter.engine.descriptor.TestMethodTestDescriptor.execute(TestMethodTestDescriptor.java:68)
	at org.junit.platform.engine.support.hierarchical.NodeTestTask.lambda$executeRecursively$6(NodeTestTask.java:156)
	at org.junit.platform.engine.support.hierarchical.ThrowableCollector.execute(ThrowableCollector.java:73)
	at org.junit.platform.engine.support.hierarchical.NodeTestTask.lambda$executeRecursively$8(NodeTestTask.java:146)
	at org.junit.platform.engine.support.hierarchical.Node.around(Node.java:137)
	at org.junit.platform.engine.support.hierarchical.NodeTestTask.lambda$executeRecursively$9(NodeTestTask.java:144)
	at org.junit.platform.engine.support.hierarchical.ThrowableCollector.execute(ThrowableCollector.java:73)
	at org.junit.platform.engine.support.hierarchical.NodeTestTask.executeRecursively(NodeTestTask.java:143)
	at org.junit.platform.engine.support.hierarchical.NodeTestTask.execute(NodeTestTask.java:100)
	at java.base/java.util.ArrayList.forEach(ArrayList.java:1511)
	at org.junit.platform.engine.support.hierarchical.SameThreadHierarchicalTestExecutorService.invokeAll(SameThreadHierarchicalTestExecutorService.java:41)
	at org.junit.platform.engine.support.hierarchical.NodeTestTask.lambda$executeRecursively$6(NodeTestTask.java:160)
	at org.junit.platform.engine.support.hierarchical.ThrowableCollector.execute(ThrowableCollector.java:73)
	at org.junit.platform.engine.support.hierarchical.NodeTestTask.lambda$executeRecursively$8(NodeTestTask.java:146)
	at org.junit.platform.engine.support.hierarchical.Node.around(Node.java:137)
	at org.junit.platform.engine.support.hierarchical.NodeTestTask.lambda$executeRecursively$9(NodeTestTask.java:144)
	at org.junit.platform.engine.support.hierarchical.ThrowableCollector.execute(ThrowableCollector.java:73)
	at org.junit.platform.engine.support.hierarchical.NodeTestTask.executeRecursively(NodeTestTask.java:143)
	at org.junit.platform.engine.support.hierarchical.NodeTestTask.execute(NodeTestTask.java:100)
	at java.base/java.util.ArrayList.forEach(ArrayList.java:1511)
	at org.junit.platform.engine.support.hierarchical.SameThreadHierarchicalTestExecutorService.invokeAll(SameThreadHierarchicalTestExecutorService.java:41)
	at org.junit.platform.engine.support.hierarchical.NodeTestTask.lambda$executeRecursively$6(NodeTestTask.java:160)
	at org.junit.platform.engine.support.hierarchical.ThrowableCollector.execute(ThrowableCollector.java:73)
	at org.junit.platform.engine.support.hierarchical.NodeTestTask.lambda$executeRecursively$8(NodeTestTask.java:146)
	at org.junit.platform.engine.support.hierarchical.Node.around(Node.java:137)
	at org.junit.platform.engine.support.hierarchical.NodeTestTask.lambda$executeRecursively$9(NodeTestTask.java:144)
	at org.junit.platform.engine.support.hierarchical.ThrowableCollector.execute(ThrowableCollector.java:73)
	at org.junit.platform.engine.support.hierarchical.NodeTestTask.executeRecursively(NodeTestTask.java:143)
	at org.junit.platform.engine.support.hierarchical.NodeTestTask.execute(NodeTestTask.java:100)
	at org.junit.platform.engine.support.hierarchical.SameThreadHierarchicalTestExecutorService.submit(SameThreadHierarchicalTestExecutorService.java:35)
	at org.junit.platform.engine.support.hierarchical.HierarchicalTestExecutor.execute(HierarchicalTestExecutor.java:57)
	at org.junit.platform.engine.support.hierarchical.HierarchicalTestEngine.execute(HierarchicalTestEngine.java:54)
	at org.junit.platform.launcher.core.EngineExecutionOrchestrator.execute(EngineExecutionOrchestrator.java:107)
	at org.junit.platform.launcher.core.EngineExecutionOrchestrator.execute(EngineExecutionOrchestrator.java:88)
	at org.junit.platform.launcher.core.EngineExecutionOrchestrator.lambda$execute$0(EngineExecutionOrchestrator.java:54)
	at org.junit.platform.launcher.core.EngineExecutionOrchestrator.withInterceptedStreams(EngineExecutionOrchestrator.java:67)
	at org.junit.platform.launcher.core.EngineExecutionOrchestrator.execute(EngineExecutionOrchestrator.java:52)
	at org.junit.platform.launcher.core.DefaultLauncher.execute(DefaultLauncher.java:114)
	at org.junit.platform.launcher.core.DefaultLauncher.execute(DefaultLauncher.java:86)
	at org.junit.platform.launcher.core.DefaultLauncherSession$DelegatingLauncher.execute(DefaultLauncherSession.java:86)
	at org.gradle.api.internal.tasks.testing.junitplatform.JUnitPlatformTestClassProcessor$CollectAllTestClassesExecutor.processAllTestClasses(JUnitPlatformTestClassProcessor.java:124)
	at org.gradle.api.internal.tasks.testing.junitplatform.JUnitPlatformTestClassProcessor$CollectAllTestClassesExecutor.access$000(JUnitPlatformTestClassProcessor.java:99)
	at org.gradle.api.internal.tasks.testing.junitplatform.JUnitPlatformTestClassProcessor.stop(JUnitPlatformTestClassProcessor.java:94)
	at org.gradle.api.internal.tasks.testing.SuiteTestClassProcessor.stop(SuiteTestClassProcessor.java:63)
	at java.base/jdk.internal.reflect.NativeMethodAccessorImpl.invoke0(Native Method)
	at java.base/jdk.internal.reflect.NativeMethodAccessorImpl.invoke(NativeMethodAccessorImpl.java:77)
	at java.base/jdk.internal.reflect.DelegatingMethodAccessorImpl.invoke(DelegatingMethodAccessorImpl.java:43)
	at java.base/java.lang.reflect.Method.invoke(Method.java:568)
	at org.gradle.internal.dispatch.ReflectionDispatch.dispatch(ReflectionDispatch.java:36)
	at org.gradle.internal.dispatch.ReflectionDispatch.dispatch(ReflectionDispatch.java:24)
	at org.gradle.internal.dispatch.ContextClassLoaderDispatch.dispatch(ContextClassLoaderDispatch.java:33)
	at org.gradle.internal.dispatch.ProxyDispatchAdapter$DispatchingInvocationHandler.invoke(ProxyDispatchAdapter.java:92)
	at jdk.proxy1/jdk.proxy1.$Proxy4.stop(Unknown Source)
	at org.gradle.api.internal.tasks.testing.worker.TestWorker$3.run(TestWorker.java:200)
	at org.gradle.api.internal.tasks.testing.worker.TestWorker.executeAndMaintainThreadName(TestWorker.java:132)
	at org.gradle.api.internal.tasks.testing.worker.TestWorker.execute(TestWorker.java:103)
	at org.gradle.api.internal.tasks.testing.worker.TestWorker.execute(TestWorker.java:63)
	at org.gradle.process.internal.worker.child.ActionExecutionWorker.execute(ActionExecutionWorker.java:56)
	at org.gradle.process.internal.worker.child.SystemApplicationClassLoaderWorker.call(SystemApplicationClassLoaderWorker.java:122)
	at org.gradle.process.internal.worker.child.SystemApplicationClassLoaderWorker.call(SystemApplicationClassLoaderWorker.java:72)
	at worker.org.gradle.process.internal.worker.GradleWorkerMain.run(GradleWorkerMain.java:69)
	at worker.org.gradle.process.internal.worker.GradleWorkerMain.main(GradleWorkerMain.java:74)
]]></system-out>
  <system-err><![CDATA[]]></system-err>
</testsuite>
